2009-09-21 01:45:44 Warning: Warning (512): <span style = "color:Red;text-align:left"><b>SQL Error:</b> 1048: Column 'copyrightyear' cannot be null</span> in [CORE\cake\libs\model\datasources\dbo_source.php, line 525]
2009-09-21 19:57:29 Warning: Warning (512): <span style = "color:Red;text-align:left"><b>SQL Error:</b> 1048: Column 'copyrightyear' cannot be null</span> in [CORE\cake\libs\model\datasources\dbo_source.php, line 525]
2009-09-21 19:57:46 Warning: Warning (512): <span style = "color:Red;text-align:left"><b>SQL Error:</b> 1452: Cannot add or update a child row: a foreign key constraint fails (`doidata/resources`, CONSTRAINT `resources_ibfk_35` FOREIGN KEY (`co_publisher_id`) REFERENCES `publishers` (`id`))</span> in [CORE\cake\libs\model\datasources\dbo_source.php, line 525]
2009-09-21 19:58:39 Warning: Warning (512): <span style = "color:Red;text-align:left"><b>SQL Error:</b> 1452: Cannot add or update a child row: a foreign key constraint fails (`doidata/resources`, CONSTRAINT `resources_ibfk_35` FOREIGN KEY (`co_publisher_id`) REFERENCES `publishers` (`id`))</span> in [CORE\cake\libs\model\datasources\dbo_source.php, line 525]
2009-09-25 19:14:26 Warning: Warning (2): mysql_connect() [<a href='http://php.net/function.mysql-connect'>function.mysql-connect</a>]: Unknown MySQL server host 'irisoft.no-ip.org' (11004) in [CORE\cake\libs\model\datasources\dbo\dbo_mysql.php, line 374]
2009-09-25 19:14:26 Warning: Warning (2): mysql_select_db(): supplied argument is not a valid MySQL-Link resource in [CORE\cake\libs\model\datasources\dbo\dbo_mysql.php, line 379]
2009-09-25 19:14:26 Warning: Warning (2): mysql_get_server_info(): supplied argument is not a valid MySQL-Link resource in [CORE\cake\libs\model\datasources\dbo\dbo_mysql.php, line 387]
2009-09-25 19:14:26 Warning: Warning (2): mysql_query(): supplied argument is not a valid MySQL-Link resource in [CORE\cake\libs\model\datasources\dbo\dbo_mysql.php, line 411]
2009-09-25 19:17:00 Warning: Warning (2): mysql_connect() [<a href='http://php.net/function.mysql-connect'>function.mysql-connect</a>]: Can't connect to MySQL server on 'irisoft.no-ip.org' (10065) in [CORE\cake\libs\model\datasources\dbo\dbo_mysql.php, line 374]
2009-09-25 19:17:00 Warning: Warning (2): mysql_select_db(): supplied argument is not a valid MySQL-Link resource in [CORE\cake\libs\model\datasources\dbo\dbo_mysql.php, line 379]
2009-09-25 19:17:00 Warning: Warning (2): mysql_get_server_info(): supplied argument is not a valid MySQL-Link resource in [CORE\cake\libs\model\datasources\dbo\dbo_mysql.php, line 387]
2009-09-25 19:17:00 Warning: Warning (2): mysql_query(): supplied argument is not a valid MySQL-Link resource in [CORE\cake\libs\model\datasources\dbo\dbo_mysql.php, line 411]
2009-09-26 02:13:30 Warning: Warning (2): file_get_contents(E:\www\doidata\view\resources\admin_edit_xml.ctp) [<a href='http://php.net/function.file-get-contents'>function.file-get-contents</a>]: failed to open stream: No such file or directory in [APP\controllers\resources_controller.php, line 263]
2009-09-26 02:13:46 Warning: Warning (2): file_get_contents(E:\www\doidata\views\resources\admin_edit_xml.ctp) [<a href='http://php.net/function.file-get-contents'>function.file-get-contents</a>]: failed to open stream: No such file or directory in [APP\controllers\resources_controller.php, line 263]
2009-09-26 02:21:52 Warning: Warning (512): <span style = "color:Red;text-align:left"><b>SQL Error:</b> 1064: You have an error in your SQL syntax; check the manual that corresponds to your MySQL server version for the right syntax to use near 'pr' at line 1</span> in [CORE\cake\libs\model\datasources\dbo_source.php, line 525]
2009-09-26 02:21:59 Warning: Warning (512): <span style = "color:Red;text-align:left"><b>SQL Error:</b> 1064: You have an error in your SQL syntax; check the manual that corresponds to your MySQL server version for the right syntax to use near 'pr' at line 1</span> in [CORE\cake\libs\model\datasources\dbo_source.php, line 525]
2009-09-27 01:43:19 Warning: Warning (2): unlink(E:\www\doidata\app\tmp\cache\\models\cake_model_default_contributors) [<a href='http://php.net/function.unlink'>function.unlink</a>]: Permission denied in [CORE\cake\libs\file.php, line 292]
2009-09-27 01:43:19 Warning: Warning (2): fopen(E:\www\doidata\app\tmp\cache\\models\cake_model_default_languages_resources) [<a href='http://php.net/function.fopen'>function.fopen</a>]: failed to open stream: Permission denied in [CORE\cake\libs\file.php, line 156]
2009-09-27 01:43:20 Warning: Warning (2): unlink(E:\www\doidata\app\tmp\cache\\models\cake_model_default_owners) [<a href='http://php.net/function.unlink'>function.unlink</a>]: Permission denied in [CORE\cake\libs\file.php, line 292]
2009-09-27 02:33:11 Warning: Warning (512): Model "Resource" is not associated with model "Publisher2" in [CORE\cake\libs\model\behaviors\containable.php, line 340]
2009-09-27 21:09:23 Warning: Warning (2): mysql_connect() [<a href='http://php.net/function.mysql-connect'>function.mysql-connect</a>]: Access denied for user 'doidata'@'41.235.158.234' (using password: YES) in [CORE\cake\libs\model\datasources\dbo\dbo_mysql.php, line 374]
2009-09-27 21:09:23 Warning: Warning (2): mysql_select_db(): supplied argument is not a valid MySQL-Link resource in [CORE\cake\libs\model\datasources\dbo\dbo_mysql.php, line 379]
2009-09-27 21:09:23 Warning: Warning (2): mysql_get_server_info(): supplied argument is not a valid MySQL-Link resource in [CORE\cake\libs\model\datasources\dbo\dbo_mysql.php, line 387]
2009-09-27 21:09:23 Warning: Warning (2): mysql_query(): supplied argument is not a valid MySQL-Link resource in [CORE\cake\libs\model\datasources\dbo\dbo_mysql.php, line 411]
2009-09-27 21:09:23 Warning: Warning (2): mysql_connect() [<a href='http://php.net/function.mysql-connect'>function.mysql-connect</a>]: Access denied for user 'doidata'@'41.235.158.234' (using password: YES) in [CORE\cake\libs\model\datasources\dbo\dbo_mysql.php, line 374]
2009-09-27 21:09:23 Warning: Warning (2): mysql_select_db(): supplied argument is not a valid MySQL-Link resource in [CORE\cake\libs\model\datasources\dbo\dbo_mysql.php, line 379]
2009-09-27 21:09:23 Warning: Warning (2): mysql_get_server_info(): supplied argument is not a valid MySQL-Link resource in [CORE\cake\libs\model\datasources\dbo\dbo_mysql.php, line 387]
2009-09-27 21:09:23 Warning: Warning (2): mysql_query(): supplied argument is not a valid MySQL-Link resource in [CORE\cake\libs\model\datasources\dbo\dbo_mysql.php, line 411]
2009-09-27 21:09:43 Warning: Warning (2): mysql_connect() [<a href='http://php.net/function.mysql-connect'>function.mysql-connect</a>]: Access denied for user 'doidata'@'41.235.158.234' (using password: YES) in [CORE\cake\libs\model\datasources\dbo\dbo_mysql.php, line 374]
2009-09-27 21:09:43 Warning: Warning (2): mysql_select_db(): supplied argument is not a valid MySQL-Link resource in [CORE\cake\libs\model\datasources\dbo\dbo_mysql.php, line 379]
2009-09-27 21:09:43 Warning: Warning (2): mysql_get_server_info(): supplied argument is not a valid MySQL-Link resource in [CORE\cake\libs\model\datasources\dbo\dbo_mysql.php, line 387]
2009-09-27 21:09:43 Warning: Warning (2): mysql_query(): supplied argument is not a valid MySQL-Link resource in [CORE\cake\libs\model\datasources\dbo\dbo_mysql.php, line 411]
2009-09-27 21:09:45 Warning: Warning (2): mysql_connect() [<a href='http://php.net/function.mysql-connect'>function.mysql-connect</a>]: Access denied for user 'doidata'@'41.235.158.234' (using password: YES) in [CORE\cake\libs\model\datasources\dbo\dbo_mysql.php, line 374]
2009-09-27 21:09:45 Warning: Warning (2): mysql_select_db(): supplied argument is not a valid MySQL-Link resource in [CORE\cake\libs\model\datasources\dbo\dbo_mysql.php, line 379]
2009-09-27 21:09:45 Warning: Warning (2): mysql_get_server_info(): supplied argument is not a valid MySQL-Link resource in [CORE\cake\libs\model\datasources\dbo\dbo_mysql.php, line 387]
2009-09-27 21:09:45 Warning: Warning (2): mysql_query(): supplied argument is not a valid MySQL-Link resource in [CORE\cake\libs\model\datasources\dbo\dbo_mysql.php, line 411]
2009-09-27 21:09:48 Warning: Warning (2): mysql_connect() [<a href='http://php.net/function.mysql-connect'>function.mysql-connect</a>]: Access denied for user 'doidata'@'41.235.158.234' (using password: YES) in [CORE\cake\libs\model\datasources\dbo\dbo_mysql.php, line 374]
2009-09-27 21:09:48 Warning: Warning (2): mysql_select_db(): supplied argument is not a valid MySQL-Link resource in [CORE\cake\libs\model\datasources\dbo\dbo_mysql.php, line 379]
2009-09-27 21:09:48 Warning: Warning (2): mysql_get_server_info(): supplied argument is not a valid MySQL-Link resource in [CORE\cake\libs\model\datasources\dbo\dbo_mysql.php, line 387]
2009-09-27 21:09:48 Warning: Warning (2): mysql_query(): supplied argument is not a valid MySQL-Link resource in [CORE\cake\libs\model\datasources\dbo\dbo_mysql.php, line 411]
2009-09-27 21:09:50 Warning: Warning (2): mysql_connect() [<a href='http://php.net/function.mysql-connect'>function.mysql-connect</a>]: Access denied for user 'doidata'@'41.235.158.234' (using password: YES) in [CORE\cake\libs\model\datasources\dbo\dbo_mysql.php, line 374]
2009-09-27 21:09:50 Warning: Warning (2): mysql_select_db(): supplied argument is not a valid MySQL-Link resource in [CORE\cake\libs\model\datasources\dbo\dbo_mysql.php, line 379]
2009-09-27 21:09:50 Warning: Warning (2): mysql_get_server_info(): supplied argument is not a valid MySQL-Link resource in [CORE\cake\libs\model\datasources\dbo\dbo_mysql.php, line 387]
2009-09-27 21:09:50 Warning: Warning (2): mysql_query(): supplied argument is not a valid MySQL-Link resource in [CORE\cake\libs\model\datasources\dbo\dbo_mysql.php, line 411]
2009-09-27 21:09:54 Warning: Warning (2): mysql_connect() [<a href='http://php.net/function.mysql-connect'>function.mysql-connect</a>]: Access denied for user 'doidata'@'41.235.158.234' (using password: YES) in [CORE\cake\libs\model\datasources\dbo\dbo_mysql.php, line 374]
2009-09-27 21:09:54 Warning: Warning (2): mysql_select_db(): supplied argument is not a valid MySQL-Link resource in [CORE\cake\libs\model\datasources\dbo\dbo_mysql.php, line 379]
2009-09-27 21:09:54 Warning: Warning (2): mysql_get_server_info(): supplied argument is not a valid MySQL-Link resource in [CORE\cake\libs\model\datasources\dbo\dbo_mysql.php, line 387]
2009-09-27 21:09:54 Warning: Warning (2): mysql_query(): supplied argument is not a valid MySQL-Link resource in [CORE\cake\libs\model\datasources\dbo\dbo_mysql.php, line 411]
2009-09-27 21:20:52 Warning: Warning (2): in_array() [<a href='http://php.net/function.in-array'>function.in-array</a>]: Wrong datatype for second argument in [APP\app_controller.php, line 52]
2009-09-27 21:20:52 Warning: Warning (2): Cannot modify header information - headers already sent by (output started at E:\www\doidata\cake\basics.php:111) in [CORE\cake\libs\controller\controller.php, line 640]
2009-09-27 21:30:05 Warning: Warning (512): Model "Resource" is not associated with model "CoPublishers" in [CORE\cake\libs\model\behaviors\containable.php, line 340]
2009-09-27 21:30:06 Warning: Warning (512): Model "Resource" is not associated with model "CoPublishers" in [CORE\cake\libs\model\behaviors\containable.php, line 340]
2009-09-28 19:57:48 Warning: Warning (2): mysql_connect() [<a href='http://php.net/function.mysql-connect'>function.mysql-connect</a>]: Unknown MySQL server host 'irisoft.no-ip.org' (11004) in [CORE\cake\libs\model\datasources\dbo\dbo_mysql.php, line 374]
2009-09-28 19:57:48 Warning: Warning (2): mysql_select_db(): supplied argument is not a valid MySQL-Link resource in [CORE\cake\libs\model\datasources\dbo\dbo_mysql.php, line 379]
2009-09-28 19:57:48 Warning: Warning (2): mysql_get_server_info(): supplied argument is not a valid MySQL-Link resource in [CORE\cake\libs\model\datasources\dbo\dbo_mysql.php, line 387]
2009-09-28 19:57:48 Warning: Warning (2): mysql_query(): supplied argument is not a valid MySQL-Link resource in [CORE\cake\libs\model\datasources\dbo\dbo_mysql.php, line 411]
